<?xml version="1.0" encoding="UTF-8"?>
<testsuite xmlns:xsi="http://www.w3.org/2001/XMLSchema-instance" xsi:noNamespaceSchemaLocation="https://maven.apache.org/surefire/maven-surefire-plugin/xsd/surefire-test-report.xsd" name="BacarratClientTest" time="0.048" tests="18" errors="0" skipped="0" failures="0">
  <properties>
[...]
</properties>
  <testcase name="generateDeckTest" classname="BacarratClientTest" time="0.02"/>
  <testcase name="generateDeckTest1" classname="BacarratClientTest" time="0"/>
  <testcase name="dealHandTest" classname="BacarratClientTest" time="0.002"/>
  <testcase name="dealHandTest1" classname="BacarratClientTest" time="0"/>
  <testcase name="drawOneTest" classname="BacarratClientTest" time="0"/>
  <testcase name="drawOneTest1" classname="BacarratClientTest" time="0.001"/>
  <testcase name="shuffleDeckTest" classname="BacarratClientTest" time="0.001"/>
  <testcase name="deckSizeTest" classname="BacarratClientTest" time="0"/>
  <testcase name="evaluateWinningsTest" classname="BacarratClientTest" time="0.001"/>
  <testcase name="evaluateWinningsTest1" classname="BacarratClientTest" time="0"/>
  <testcase name="evaluateWinningsTest2" classname="BacarratClientTest" time="0.001"/>
  <testcase name="evaluateWinningsTest3" classname="BacarratClientTest" time="0"/>
  <testcase name="cardConstructorTest" classname="BacarratClientTest" time="0"/>
  <testcase name="handTotalTest" classname="BacarratClientTest" time="0.002"/>
  <testcase name="whoWonTest" classname="BacarratClientTest" time="0.002"/>
  <testcase name="evaluateBankerDrawTest" classname="BacarratClientTest" time="0"/>
  <testcase name="evaluateBankerDrawTest1" classname="BacarratClientTest" time="0"/>
  <testcase name="evaluatePlayerDrawTest" classname="BacarratClientTest" time="0"/>
</testsuite>